<?xml version="1.0" encoding="UTF-8"?>
<!-- Generated by org.testng.reporters.JUnitReportReporter -->
<testsuite hostname="Garima" failures="0" tests="2" name="rahulshettyacademy.tests.ErrorValidations" time="19.833" errors="0" timestamp="2024-03-22T07:28:11 IST" skipped="0">
  <testcase classname="rahulshettyacademy.tests.ErrorValidations" name="ProductErrorValidation" time="16.194"/>
  <testcase classname="rahulshettyacademy.tests.ErrorValidations" name="LoginErrorValidation" time="3.639"/>
</testsuite> <!-- rahulshettyacademy.tests.ErrorValidations -->
