<?xml version="1.0" encoding="UTF-8"?>
<!-- Generated by org.testng.reporters.JUnitReportReporter -->
<testsuite hostname="Garima" failures="0" tests="2" name="rahulshettyacademy.tests.SubmitOrderTest" time="36.340" errors="0" timestamp="2024-04-04T08:26:49 IST" skipped="0">
  <testcase classname="rahulshettyacademy.tests.SubmitOrderTest" name="SubmitOrder" time="18.988"/>
  <testcase classname="rahulshettyacademy.tests.SubmitOrderTest" name="SubmitOrder" time="17.352"/>
</testsuite> <!-- rahulshettyacademy.tests.SubmitOrderTest -->
